truffle migrate --network origin --reset
Using network 'origin'.

Running migration: 1_initial_migration.js
  Replacing Migrations...
  ... 0xa25eafbdfc6a1c42d73104ae3aae3f47d77c305458202406f11d1ed34f4de96e
  Migrations: 0xef0b25746b0932d8a7009b2fd118767362734dfd
Saving successful migration to network...
  ... 0x89ac3c240b9f1736dcf00fcdd8f0d82f570533d73e076e8fbe08ee4ae36c4edc
Saving artifacts...
Running migration: 2_deploy_marketplace_contracts.js
  Running step...
  Replacing OriginToken...
  ... 0x31958a0d5ce6ada87e64e2620a02676585c8587f32cc0ab77238bc33666bfeb0
  OriginToken: 0x3d499f14ffad1df1827c78bc763c3dbc5e69a57e
  Replacing V00_Marketplace...
  ... 0x7a22610d15fb3c4f78b539686f5ea8e2288a9e5d3174032769c2e540d527dddf
  V00_Marketplace: 0x2a624733e4cabb3ce18889de42d091222ae6f714
  ... 0x2ba37d8fcf4446274d38255e2fe7f35b3edb17ab51186ca2f49a48dd59e98c6c
Saving successful migration to network...
  ... 0x64e4e7ffeb58777fb7a2c0aec876d70b5083113bdf1c4c639122afd76fc8f642
Saving artifacts...
Running migration: 3_create_sample_listings.js
  Running step...
  ... 0x74757d496964c50ecbc645c7b527f2b1665adc23e30cba06bd02ff3aae4cdd40
  ... 0x034ed416ea3d4c5975d50a045420f1f9e5987a2fd4d733146e7e82b8146a4a48
  ... 0xb7ef944a86cc64013257817f75e2229e277aee8777dfcf4e0cfd0d142c805656
  ... 0x21b51e2735c9ce6fc04062e9f79616f80ae558671f79e5f5d54a59a9b2b6920a
  ... 0xf5028254d8736db6ef747a83cc75e7c1862bb6807732a7ed160543577a66cc1e
Saving successful migration to network...
  ... 0x8e5e0606f81bb1d79c64dd97304ec4ba228f64974f9c9bd6cac5af1b36f66913
Saving artifacts...
Running migration: 4_deploy_identity_contracts.js
  Running step...
  Deploying V00_UserRegistry...
  ... 0xef066f8d6754c9e90ca41cb2c287082c8bfca9c72ba99d8d51c496fc2e88f9ed
  V00_UserRegistry: 0x900779888555ccf88b9fef53e72f37ddde46155e
  Deploying KeyHolderLibrary...
  ... 0xaf05e0e21b20b439e55d1ef6a1772711abae62cb4beeffa5035f21835161b581
  KeyHolderLibrary: 0xe11f7e5722af536e4a4587f483fa2fff9e7e46f0
  Linking KeyHolderLibrary to KeyHolder
  Linking KeyHolderLibrary to ClaimHolderLibrary
  Deploying ClaimHolderLibrary...
  ... 0x0a7613aea334fd29e3e600ecc4103dfe3a143fff4054a66bfe4fc3b5ea840898
  ClaimHolderLibrary: 0x3d84d0dc6f3e584c394a1e388110b4d7813ce6b6
  Linking ClaimHolderLibrary to ClaimHolder
  Linking KeyHolderLibrary to ClaimHolder
  Linking ClaimHolderLibrary to ClaimHolderRegistered
  Linking KeyHolderLibrary to ClaimHolderRegistered
  Linking ClaimHolderLibrary to ClaimHolderPresigned
  Linking KeyHolderLibrary to ClaimHolderPresigned
  Linking ClaimHolderLibrary to OriginIdentity
  Linking KeyHolderLibrary to OriginIdentity
  Deploying OriginIdentity...
  ... 0x03759afd9c73e4803702e71df84b2b3973fcefffa6bdca17be3df8d996bd6b3a
  OriginIdentity: 0xe024148f16d87dc4966c7f24ea56ab3bf3d037c7
Saving successful migration to network...
  ... 0x524132a92d9c2dcd72f599c9535afab94a3dca8140953d2d0134853dc1f77aab
Saving artifacts...
Running migration: 5_create_sample_issuers.js
  Running step...
  ... 0xb8fa51c5316854fde97d40c3ee916f5970bd850574206a82c19b1c51b5945b48
Saving successful migration to network...
  ... 0x4e04e53f09c85a409582b301f9225dd5368f5dc2eb825e73ce04bd543bb8dd63
Saving artifacts...
Running migration: 6_transfer_tokens_for_dev.js
  Running step...
Skipping
Saving successful migration to network...
  ... 0x1483aff0344d7e444d3a28c8ba09a290bbc03d5e6d79fb633af9b6ac39627e06
Saving artifacts...
Running migration: 7_create_token_whitelist.js
Saving successful migration to network...
  ... 0x66699296a339d386e47a94648bbefbb3fc9a70893965389b49bc4b2f02909945
  ... 0x90be5cfd47b066e60390dbad77176038e5ed6d65bce97d151911c76f3c387233
Saving artifacts...
Running migration: 8_whitelist_affiliate.js
  Running step...
whitelisting affiliate 0xc1a33cda27c68e47e370ff31cdad7d6522ea93d5
  ... 0xa3200862a5df309731adcf9fd2f9966a727968b6363c059ce259c19c20ba8cf7
Added token contract owner 0x1e3844b4752172b6e85f390e2df4ffc4d63425f9 to whitelist
  ... 0xd5d6a3f6e7238dbae5508786b52670202da40711a31a33a7b5768ecd736d8368
Saving successful migration to network...
  ... 0x644a5f9e3abeef9b81565fcd785678303888284629186175ae45b52ee75c3e45
Added marketplace 0x2a624733e4cabb3ce18889de42d091222ae6f714 to whitelist
  ... 0x7a427228ceb8401b4a3926724cedbae31f5b073a86646dd2c530f8ca2a09ec47
Enabled token whitelist, expiring at UNIX timestamp 1551340800
Saving artifacts...
Running migration: 9_transfer_ownership_and_tokens_for_mainnet.js
  Running step...
Saving successful migration to network...
  ... 0xae94cb576a3a8ada1f468105ad92497c31bea6fdddeac59b5c27ece20091da98
Saving artifacts...
Running migration: 10_verify_mainnet.js
  Running step...
Saving successful migration to network...
  ... 0xa254505b6333663e94b7bbc66f6c79ff94bc6eae9f3efef8160b68a03fe9b4a1
Saving artifacts...
Running migration: 11_update_claim_holder_library.js
  Running step...
  Replacing ClaimHolderLibrary...
  ... 0x90c78203bb9dc9bac7106847b1f8f3c1f8c9a0aa8e1d96578b5c035355851f88
  ClaimHolderLibrary: 0x08d8d6201ca7be8558fe20eab8ccb37f56e87063
Saving successful migration to network...
  ... 0x62bf14dfa0bf5491c90954958d3d069f1221ee2c7cc50b3210c89988c47c1850
Saving artifacts...
Running migration: 12_add_staging_issuer.js
  Running step...
Saving successful migration to network...
  ... 0xc7fd65ace235ef9bd274575ba1b8ad21009f75c89eb90061bea9cbbb6bf85bd4
